<?xml version="1.0" encoding="UTF-8"?>
<!-- Generated by org.testng.reporters.JUnitReportReporter -->
<testsuite hostname="DESKTOP-4D8268P" failures="0" tests="1" name="com.inetbanking.testCases.TC_LoginTest_001" time="1.131" errors="0" timestamp="17 Oct 2021 10:48:26 GMT" skipped="0">
  <testcase classname="com.inetbanking.testCases.TC_LoginTest_001" name="loginTest" time="1.131"/>
</testsuite> <!-- com.inetbanking.testCases.TC_LoginTest_001 -->
